Analysis & Synthesis report for DE1_SoC
Wed Oct 12 17:16:16 2016
Quartus II 64-Bit Version 14.0.0 Build 200 06/17/2014 SJ Web Edition


---------------------
; Table of Contents ;
---------------------
  1. Legal Notice
  2. Analysis & Synthesis Summary
  3. Analysis & Synthesis Settings
  4. Parallel Compilation
  5. Analysis & Synthesis Messages
  6. Analysis & Synthesis Suppressed Messages



----------------
; Legal Notice ;
----------------
Copyright (C) 1991-2014 Altera Corporation. All rights reserved.
Your use of Altera Corporation's design tools, logic functions 
and other software and tools, and its AMPP partner logic 
functions, and any output files from any of the foregoing 
(including device programming or simulation files), and any 
associated documentation or information are expressly subject 
to the terms and conditions of the Altera Program License 
Subscription Agreement, the Altera Quartus II License Agreement,
the Altera MegaCore Function License Agreement, or other 
applicable license agreement, including, without limitation, 
that your use is for the sole purpose of programming logic 
devices manufactured by Altera and sold by Altera or its 
authorized distributors.  Please refer to the applicable 
agreement for further details.



+--------------------------------------------------------------------------+
; Analysis & Synthesis Summary                                             ;
+-----------------------------+--------------------------------------------+
; Analysis & Synthesis Status ; Failed - Wed Oct 12 17:16:16 2016          ;
; Quartus II 64-Bit Version   ; 14.0.0 Build 200 06/17/2014 SJ Web Edition ;
; Revision Name               ; DE1_SoC                                    ;
; Top-level Entity Name       ; RegisterFile                               ;
; Family                      ; Cyclone V                                  ;
; Logic utilization (in ALMs) ; N/A until Partition Merge                  ;
; Total registers             ; N/A until Partition Merge                  ;
; Total pins                  ; N/A until Partition Merge                  ;
; Total virtual pins          ; N/A until Partition Merge                  ;
; Total block memory bits     ; N/A until Partition Merge                  ;
; Total PLLs                  ; N/A until Partition Merge                  ;
; Total DLLs                  ; N/A until Partition Merge                  ;
+-----------------------------+--------------------------------------------+


+---------------------------------------------------------------------------------------------------------------------------+
; Analysis & Synthesis Settings                                                                                             ;
+---------------------------------------------------------------------------------+--------------------+--------------------+
; Option                                                                          ; Setting            ; Default Value      ;
+---------------------------------------------------------------------------------+--------------------+--------------------+
; Device                                                                          ; 5CSEMA5F31C6       ;                    ;
; Top-level entity name                                                           ; RegisterFile       ; DE1_SoC            ;
; Family name                                                                     ; Cyclone V          ; Cyclone IV GX      ;
; State Machine Processing                                                        ; User-Encoded       ; Auto               ;
; Use smart compilation                                                           ; Off                ; Off                ;
; Enable parallel Assembler and TimeQuest Timing Analyzer during compilation      ; On                 ; On                 ;
; Enable compact report table                                                     ; Off                ; Off                ;
; Restructure Multiplexers                                                        ; Auto               ; Auto               ;
; MLAB Add Timing Constraints For Mixed-Port Feed-Through Mode Setting Don't Care ; Off                ; Off                ;
; Create Debugging Nodes for IP Cores                                             ; Off                ; Off                ;
; Preserve fewer node names                                                       ; On                 ; On                 ;
; Disable OpenCore Plus hardware evaluation                                       ; Off                ; Off                ;
; Verilog Version                                                                 ; Verilog_2001       ; Verilog_2001       ;
; VHDL Version                                                                    ; VHDL_1993          ; VHDL_1993          ;
; Safe State Machine                                                              ; Off                ; Off                ;
; Extract Verilog State Machines                                                  ; On                 ; On                 ;
; Extract VHDL State Machines                                                     ; On                 ; On                 ;
; Ignore Verilog initial constructs                                               ; Off                ; Off                ;
; Iteration limit for constant Verilog loops                                      ; 5000               ; 5000               ;
; Iteration limit for non-constant Verilog loops                                  ; 250                ; 250                ;
; Add Pass-Through Logic to Inferred RAMs                                         ; On                 ; On                 ;
; Infer RAMs from Raw Logic                                                       ; On                 ; On                 ;
; Parallel Synthesis                                                              ; On                 ; On                 ;
; DSP Block Balancing                                                             ; Auto               ; Auto               ;
; NOT Gate Push-Back                                                              ; On                 ; On                 ;
; Power-Up Don't Care                                                             ; On                 ; On                 ;
; Remove Redundant Logic Cells                                                    ; Off                ; Off                ;
; Remove Duplicate Registers                                                      ; On                 ; On                 ;
; Ignore CARRY Buffers                                                            ; Off                ; Off                ;
; Ignore CASCADE Buffers                                                          ; Off                ; Off                ;
; Ignore GLOBAL Buffers                                                           ; Off                ; Off                ;
; Ignore ROW GLOBAL Buffers                                                       ; Off                ; Off                ;
; Ignore LCELL Buffers                                                            ; Off                ; Off                ;
; Ignore SOFT Buffers                                                             ; On                 ; On                 ;
; Limit AHDL Integers to 32 Bits                                                  ; Off                ; Off                ;
; Optimization Technique                                                          ; Balanced           ; Balanced           ;
; Carry Chain Length                                                              ; 70                 ; 70                 ;
; Auto Carry Chains                                                               ; On                 ; On                 ;
; Auto Open-Drain Pins                                                            ; On                 ; On                 ;
; Perform WYSIWYG Primitive Resynthesis                                           ; Off                ; Off                ;
; Auto ROM Replacement                                                            ; On                 ; On                 ;
; Auto RAM Replacement                                                            ; On                 ; On                 ;
; Auto DSP Block Replacement                                                      ; On                 ; On                 ;
; Auto Shift Register Replacement                                                 ; Auto               ; Auto               ;
; Allow Shift Register Merging across Hierarchies                                 ; Auto               ; Auto               ;
; Auto Clock Enable Replacement                                                   ; On                 ; On                 ;
; Strict RAM Replacement                                                          ; Off                ; Off                ;
; Allow Synchronous Control Signals                                               ; On                 ; On                 ;
; Force Use of Synchronous Clear Signals                                          ; Off                ; Off                ;
; Auto Resource Sharing                                                           ; Off                ; Off                ;
; Allow Any RAM Size For Recognition                                              ; Off                ; Off                ;
; Allow Any ROM Size For Recognition                                              ; Off                ; Off                ;
; Allow Any Shift Register Size For Recognition                                   ; Off                ; Off                ;
; Use LogicLock Constraints during Resource Balancing                             ; On                 ; On                 ;
; Ignore translate_off and synthesis_off directives                               ; Off                ; Off                ;
; Timing-Driven Synthesis                                                         ; On                 ; On                 ;
; Report Parameter Settings                                                       ; On                 ; On                 ;
; Report Source Assignments                                                       ; On                 ; On                 ;
; Report Connectivity Checks                                                      ; On                 ; On                 ;
; Ignore Maximum Fan-Out Assignments                                              ; Off                ; Off                ;
; Synchronization Register Chain Length                                           ; 3                  ; 3                  ;
; PowerPlay Power Optimization                                                    ; Normal compilation ; Normal compilation ;
; HDL message level                                                               ; Level2             ; Level2             ;
; Suppress Register Optimization Related Messages                                 ; Off                ; Off                ;
; Number of Removed Registers Reported in Synthesis Report                        ; 5000               ; 5000               ;
; Number of Swept Nodes Reported in Synthesis Report                              ; 5000               ; 5000               ;
; Number of Inverted Registers Reported in Synthesis Report                       ; 100                ; 100                ;
; Clock MUX Protection                                                            ; On                 ; On                 ;
; Auto Gated Clock Conversion                                                     ; Off                ; Off                ;
; Block Design Naming                                                             ; Auto               ; Auto               ;
; SDC constraint protection                                                       ; Off                ; Off                ;
; Synthesis Effort                                                                ; Auto               ; Auto               ;
; Shift Register Replacement - Allow Asynchronous Clear Signal                    ; On                 ; On                 ;
; Pre-Mapping Resynthesis Optimization                                            ; Off                ; Off                ;
; Analysis & Synthesis Message Level                                              ; Medium             ; Medium             ;
; Disable Register Merging Across Hierarchies                                     ; Auto               ; Auto               ;
; Resource Aware Inference For Block RAM                                          ; On                 ; On                 ;
; Synthesis Seed                                                                  ; 1                  ; 1                  ;
; Automatic Parallel Synthesis                                                    ; On                 ; On                 ;
; Partial Reconfiguration Bitstream ID                                            ; Off                ; Off                ;
+---------------------------------------------------------------------------------+--------------------+--------------------+


Parallel compilation was disabled, but you have multiple processors available. Enable parallel compilation to reduce compilation time.
+-------------------------------------+
; Parallel Compilation                ;
+----------------------------+--------+
; Processors                 ; Number ;
+----------------------------+--------+
; Number detected on machine ; 8      ;
; Maximum allowed            ; 1      ;
+----------------------------+--------+


+-------------------------------+
; Analysis & Synthesis Messages ;
+-------------------------------+
Info: *******************************************************************
Info: Running Quartus II 64-Bit Analysis & Synthesis
    Info: Version 14.0.0 Build 200 06/17/2014 SJ Web Edition
    Info: Processing started: Wed Oct 12 17:16:14 2016
Info: Command: quartus_map --read_settings_files=on --write_settings_files=off DE1_SoC -c DE1_SoC
Info (12021): Found 11 design units, including 11 entities, in source file registerfile.sv
    Info (12023): Found entity 1: RegisterFile
    Info (12023): Found entity 2: DFF1
    Info (12023): Found entity 3: DFF4
    Info (12023): Found entity 4: DFF16
    Info (12023): Found entity 5: DFF64
    Info (12023): Found entity 6: decoder_2to4
    Info (12023): Found entity 7: decoder_3to8
    Info (12023): Found entity 8: decoder_5to32
    Info (12023): Found entity 9: mux_4to1
    Info (12023): Found entity 10: mux_16to1
    Info (12023): Found entity 11: mux_32to1
Info (12127): Elaborating entity "RegisterFile" for the top level hierarchy
Info (12128): Elaborating entity "decoder_5to32" for hierarchy "decoder_5to32:writeRegister"
Info (12128): Elaborating entity "decoder_2to4" for hierarchy "decoder_5to32:writeRegister|decoder_2to4:d0"
Info (12128): Elaborating entity "decoder_3to8" for hierarchy "decoder_5to32:writeRegister|decoder_3to8:d1"
Info (12128): Elaborating entity "DFF64" for hierarchy "DFF64:eachRegister[0].register"
Info (12128): Elaborating entity "DFF16" for hierarchy "DFF64:eachRegister[0].register|DFF16:dff1"
Info (12128): Elaborating entity "DFF4" for hierarchy "DFF64:eachRegister[0].register|DFF16:dff1|DFF4:dff1"
Info (12128): Elaborating entity "DFF1" for hierarchy "DFF64:eachRegister[0].register|DFF16:dff1|DFF4:dff1|DFF1:dff1"
Info (12128): Elaborating entity "mux_32to1" for hierarchy "mux_32to1:readRegister1"
Info (12128): Elaborating entity "mux_16to1" for hierarchy "mux_32to1:readRegister1|mux_16to1:mux0"
Info (12128): Elaborating entity "mux_4to1" for hierarchy "mux_32to1:readRegister1|mux_16to1:mux0|mux_4to1:mux0"
Warning (10739): Verilog HDL warning at RegisterFile.sv(137): actual bit length 64 differs from formal bit length 1
Warning (10739): Verilog HDL warning at RegisterFile.sv(138): actual bit length 64 differs from formal bit length 1
Warning (10739): Verilog HDL warning at RegisterFile.sv(139): actual bit length 64 differs from formal bit length 1
Warning (10739): Verilog HDL warning at RegisterFile.sv(140): actual bit length 64 differs from formal bit length 1
Warning (10739): Verilog HDL warning at RegisterFile.sv(142): actual bit length 64 differs from formal bit length 1
Error (10028): Can't resolve multiple constant drivers for net "out[0]" at RegisterFile.sv(142) File: C:/Users/MandeepPlaha/Documents/EE469-Lab1/RegisterFile.sv Line: 142
Error (10029): Constant driver at RegisterFile.sv(142) File: C:/Users/MandeepPlaha/Documents/EE469-Lab1/RegisterFile.sv Line: 142
Error (12152): Can't elaborate user hierarchy "mux_32to1:readRegister1|mux_16to1:mux0|mux_4to1:mux0" File: C:/Users/MandeepPlaha/Documents/EE469-Lab1/RegisterFile.sv Line: 155
Info (144001): Generated suppressed messages file C:/Users/MandeepPlaha/Documents/EE469-Lab1/output_files/DE1_SoC.map.smsg
Error: Quartus II 64-Bit Analysis & Synthesis was unsuccessful. 3 errors, 5 warnings
    Error: Peak virtual memory: 612 megabytes
    Error: Processing ended: Wed Oct 12 17:16:16 2016
    Error: Elapsed time: 00:00:02
    Error: Total CPU time (on all processors): 00:00:02


+------------------------------------------+
; Analysis & Synthesis Suppressed Messages ;
+------------------------------------------+
The suppressed messages can be found in C:/Users/MandeepPlaha/Documents/EE469-Lab1/output_files/DE1_SoC.map.smsg.


